Flow report for BumperCar
Wed Jun 06 17:11:55 2018
Quartus II 64-Bit Version 13.0.1 Build 232 06/12/2013 Service Pack 1 SJ Web Edition


---------------------
; Table of Contents ;
---------------------
  1. Legal Notice
  2. Flow Summary
  3. Flow Settings
  4. Flow Non-Default Global Settings
  5. Flow Elapsed Time
  6. Flow OS Summary
  7. Flow Log
  8. Flow Messages
  9. Flow Suppressed Messages



----------------
; Legal Notice ;
----------------
Copyright (C) 1991-2013 Altera Corporation
Your use of Altera Corporation's design tools, logic functions 
and other software and tools, and its AMPP partner logic 
functions, and any output files from any of the foregoing 
(including device programming or simulation files), and any 
associated documentation or information are expressly subject 
to the terms and conditions of the Altera Program License 
Subscription Agreement, Altera MegaCore Function License 
Agreement, or other applicable license agreement, including, 
without limitation, that your use is for the sole purpose of 
programming logic devices manufactured by Altera and sold by 
Altera or its authorized distributors.  Please refer to the 
applicable agreement for further details.



+--------------------------------------------------------------------------------------+
; Flow Summary                                                                         ;
+------------------------------------+-------------------------------------------------+
; Flow Status                        ; Successful - Wed Jun 06 17:11:55 2018           ;
; Quartus II 64-Bit Version          ; 13.0.1 Build 232 06/12/2013 SP 1 SJ Web Edition ;
; Revision Name                      ; BumperCar                                       ;
; Top-level Entity Name              ; BumperCar                                       ;
; Family                             ; Cyclone II                                      ;
; Device                             ; EP2C70F672C8                                    ;
; Timing Models                      ; Final                                           ;
; Total logic elements               ; 620 / 68,416 ( < 1 % )                          ;
;     Total combinational functions  ; 468 / 68,416 ( < 1 % )                          ;
;     Dedicated logic registers      ; 283 / 68,416 ( < 1 % )                          ;
; Total registers                    ; 283                                             ;
; Total pins                         ; 67 / 422 ( 16 % )                               ;
; Total virtual pins                 ; 0                                               ;
; Total memory bits                  ; 0 / 1,152,000 ( 0 % )                           ;
; Embedded Multiplier 9-bit elements ; 0 / 300 ( 0 % )                                 ;
; Total PLLs                         ; 0 / 4 ( 0 % )                                   ;
+------------------------------------+-------------------------------------------------+


+-----------------------------------------+
; Flow Settings                           ;
+-------------------+---------------------+
; Option            ; Setting             ;
+-------------------+---------------------+
; Start date & time ; 06/06/2018 17:11:29 ;
; Main task         ; Compilation         ;
; Revision Name     ; BumperCar           ;
+-------------------+---------------------+


+----------------------------------------------------------------------------------------------------------------------------------------------------------------+
; Flow Non-Default Global Settings                                                                                                                               ;
+-------------------------------------+---------------------------------------------------------------------------+---------------+-------------+----------------+
; Assignment Name                     ; Value                                                                     ; Default Value ; Entity Name ; Section Id     ;
+-------------------------------------+---------------------------------------------------------------------------+---------------+-------------+----------------+
; COMPILER_SIGNATURE_ID               ; 220037182213557.152827628903864                                           ; --            ; --          ; --             ;
; EDA_OUTPUT_DATA_FORMAT              ; Vhdl                                                                      ; --            ; --          ; eda_simulation ;
; EDA_SIMULATION_TOOL                 ; ModelSim-Altera (VHDL)                                                    ; <None>        ; --          ; --             ;
; ENABLE_SIGNALTAP                    ; Off                                                                       ; --            ; --          ; --             ;
; MAX_CORE_JUNCTION_TEMP              ; 85                                                                        ; --            ; --          ; --             ;
; MIN_CORE_JUNCTION_TEMP              ; 0                                                                         ; --            ; --          ; --             ;
; PARTITION_COLOR                     ; 16764057                                                                  ; --            ; --          ; Top            ;
; PARTITION_FITTER_PRESERVATION_LEVEL ; PLACEMENT_AND_ROUTING                                                     ; --            ; --          ; Top            ;
; PARTITION_NETLIST_TYPE              ; POST_FIT                                                                  ; --            ; --          ; Top            ;
; PROJECT_OUTPUT_DIRECTORY            ; output_files                                                              ; --            ; --          ; --             ;
; SLD_FILE                            ; C:/Users/cslab9-422/Desktop/BumperCar/output_files/stp1_auto_stripped.stp ; --            ; --          ; --             ;
; USE_SIGNALTAP_FILE                  ; output_files/stp1.stp                                                     ; --            ; --          ; --             ;
+-------------------------------------+---------------------------------------------------------------------------+---------------+-------------+----------------+


+-------------------------------------------------------------------------------------------------------------------------------+
; Flow Elapsed Time                                                                                                             ;
+---------------------------+--------------+-------------------------+---------------------+------------------------------------+
; Module Name               ; Elapsed Time ; Average Processors Used ; Peak Virtual Memory ; Total CPU Time (on all processors) ;
+---------------------------+--------------+-------------------------+---------------------+------------------------------------+
; Analysis & Synthesis      ; 00:00:03     ; 1.0                     ; 497 MB              ; 00:00:03                           ;
; Partition Merge           ; 00:00:00     ; 1.0                     ; 449 MB              ; 00:00:01                           ;
; Fitter                    ; 00:00:12     ; 1.5                     ; 860 MB              ; 00:00:15                           ;
; Assembler                 ; 00:00:03     ; 1.0                     ; 440 MB              ; 00:00:03                           ;
; TimeQuest Timing Analyzer ; 00:00:02     ; 1.0                     ; 493 MB              ; 00:00:02                           ;
; EDA Netlist Writer        ; 00:00:01     ; 1.0                     ; 393 MB              ; 00:00:01                           ;
; Total                     ; 00:00:21     ; --                      ; --                  ; 00:00:25                           ;
+---------------------------+--------------+-------------------------+---------------------+------------------------------------+


+----------------------------------------------------------------------------------------+
; Flow OS Summary                                                                        ;
+---------------------------+------------------+-----------+------------+----------------+
; Module Name               ; Machine Hostname ; OS Name   ; OS Version ; Processor type ;
+---------------------------+------------------+-----------+------------+----------------+
; Analysis & Synthesis      ; 422STU16         ; Windows 7 ; 6.1        ; x86_64         ;
; Partition Merge           ; 422STU16         ; Windows 7 ; 6.1        ; x86_64         ;
; Fitter                    ; 422STU16         ; Windows 7 ; 6.1        ; x86_64         ;
; Assembler                 ; 422STU16         ; Windows 7 ; 6.1        ; x86_64         ;
; TimeQuest Timing Analyzer ; 422STU16         ; Windows 7 ; 6.1        ; x86_64         ;
; EDA Netlist Writer        ; 422STU16         ; Windows 7 ; 6.1        ; x86_64         ;
+---------------------------+------------------+-----------+------------+----------------+


------------
; Flow Log ;
------------
quartus_map --read_settings_files=on --write_settings_files=off BumperCar -c BumperCar
quartus_cdb --read_settings_files=off --write_settings_files=off BumperCar -c BumperCar --merge=on
quartus_fit --read_settings_files=off --write_settings_files=off BumperCar -c BumperCar
quartus_asm --read_settings_files=off --write_settings_files=off BumperCar -c BumperCar
quartus_sta BumperCar -c BumperCar
quartus_eda --read_settings_files=off --write_settings_files=off BumperCar -c BumperCar



