Analysis & Synthesis report for BumperCar
Tue Jun 05 17:14:22 2018
Quartus II 64-Bit Version 13.0.1 Build 232 06/12/2013 Service Pack 1 SJ Web Edition


---------------------
; Table of Contents ;
---------------------
  1. Legal Notice
  2. Analysis & Synthesis Summary
  3. Analysis & Synthesis Settings
  4. Parallel Compilation
  5. Analysis & Synthesis Source Files Read
  6. Analysis & Synthesis Resource Usage Summary
  7. Analysis & Synthesis Resource Utilization by Entity
  8. State Machine - |BumperCar|vga_ctrl:vga_ctrl_realization|paint:paint_realization|state
  9. General Register Statistics
 10. Multiplexer Restructuring Statistics (Restructuring Performed)
 11. Port Connectivity Checks: "vga_ctrl:vga_ctrl_realization"
 12. Elapsed Time Per Partition
 13. Analysis & Synthesis Messages



----------------
; Legal Notice ;
----------------
Copyright (C) 1991-2013 Altera Corporation
Your use of Altera Corporation's design tools, logic functions 
and other software and tools, and its AMPP partner logic 
functions, and any output files from any of the foregoing 
(including device programming or simulation files), and any 
associated documentation or information are expressly subject 
to the terms and conditions of the Altera Program License 
Subscription Agreement, Altera MegaCore Function License 
Agreement, or other applicable license agreement, including, 
without limitation, that your use is for the sole purpose of 
programming logic devices manufactured by Altera and sold by 
Altera or its authorized distributors.  Please refer to the 
applicable agreement for further details.



+--------------------------------------------------------------------------------------+
; Analysis & Synthesis Summary                                                         ;
+------------------------------------+-------------------------------------------------+
; Analysis & Synthesis Status        ; Successful - Tue Jun 05 17:14:22 2018           ;
; Quartus II 64-Bit Version          ; 13.0.1 Build 232 06/12/2013 SP 1 SJ Web Edition ;
; Revision Name                      ; BumperCar                                       ;
; Top-level Entity Name              ; BumperCar                                       ;
; Family                             ; Cyclone II                                      ;
; Total logic elements               ; 810                                             ;
;     Total combinational functions  ; 659                                             ;
;     Dedicated logic registers      ; 289                                             ;
; Total registers                    ; 289                                             ;
; Total pins                         ; 67                                              ;
; Total virtual pins                 ; 0                                               ;
; Total memory bits                  ; 0                                               ;
; Embedded Multiplier 9-bit elements ; 0                                               ;
; Total PLLs                         ; 0                                               ;
+------------------------------------+-------------------------------------------------+


+----------------------------------------------------------------------------------------------------------------------+
; Analysis & Synthesis Settings                                                                                        ;
+----------------------------------------------------------------------------+--------------------+--------------------+
; Option                                                                     ; Setting            ; Default Value      ;
+----------------------------------------------------------------------------+--------------------+--------------------+
; Device                                                                     ; EP2C70F672C8       ;                    ;
; Top-level entity name                                                      ; BumperCar          ; BumperCar          ;
; Family name                                                                ; Cyclone II         ; Cyclone IV GX      ;
; Use smart compilation                                                      ; Off                ; Off                ;
; Enable parallel Assembler and TimeQuest Timing Analyzer during compilation ; On                 ; On                 ;
; Enable compact report table                                                ; Off                ; Off                ;
; Restructure Multiplexers                                                   ; Auto               ; Auto               ;
; Create Debugging Nodes for IP Cores                                        ; Off                ; Off                ;
; Preserve fewer node names                                                  ; On                 ; On                 ;
; Disable OpenCore Plus hardware evaluation                                  ; Off                ; Off                ;
; Verilog Version                                                            ; Verilog_2001       ; Verilog_2001       ;
; VHDL Version                                                               ; VHDL_1993          ; VHDL_1993          ;
; State Machine Processing                                                   ; Auto               ; Auto               ;
; Safe State Machine                                                         ; Off                ; Off                ;
; Extract Verilog State Machines                                             ; On                 ; On                 ;
; Extract VHDL State Machines                                                ; On                 ; On                 ;
; Ignore Verilog initial constructs                                          ; Off                ; Off                ;
; Iteration limit for constant Verilog loops                                 ; 5000               ; 5000               ;
; Iteration limit for non-constant Verilog loops                             ; 250                ; 250                ;
; Add Pass-Through Logic to Inferred RAMs                                    ; On                 ; On                 ;
; Infer RAMs from Raw Logic                                                  ; On                 ; On                 ;
; Parallel Synthesis                                                         ; On                 ; On                 ;
; DSP Block Balancing                                                        ; Auto               ; Auto               ;
; NOT Gate Push-Back                                                         ; On                 ; On                 ;
; Power-Up Don't Care                                                        ; On                 ; On                 ;
; Remove Redundant Logic Cells                                               ; Off                ; Off                ;
; Remove Duplicate Registers                                                 ; On                 ; On                 ;
; Ignore CARRY Buffers                                                       ; Off                ; Off                ;
; Ignore CASCADE Buffers                                                     ; Off                ; Off                ;
; Ignore GLOBAL Buffers                                                      ; Off                ; Off                ;
; Ignore ROW GLOBAL Buffers                                                  ; Off                ; Off                ;
; Ignore LCELL Buffers                                                       ; Off                ; Off                ;
; Ignore SOFT Buffers                                                        ; On                 ; On                 ;
; Limit AHDL Integers to 32 Bits                                             ; Off                ; Off                ;
; Optimization Technique                                                     ; Balanced           ; Balanced           ;
; Carry Chain Length                                                         ; 70                 ; 70                 ;
; Auto Carry Chains                                                          ; On                 ; On                 ;
; Auto Open-Drain Pins                                                       ; On                 ; On                 ;
; Perform WYSIWYG Primitive Resynthesis                                      ; Off                ; Off                ;
; Auto ROM Replacement                                                       ; On                 ; On                 ;
; Auto RAM Replacement                                                       ; On                 ; On                 ;
; Auto Shift Register Replacement                                            ; Auto               ; Auto               ;
; Allow Shift Register Merging across Hierarchies                            ; Auto               ; Auto               ;
; Auto Clock Enable Replacement                                              ; On                 ; On                 ;
; Strict RAM Replacement                                                     ; Off                ; Off                ;
; Allow Synchronous Control Signals                                          ; On                 ; On                 ;
; Force Use of Synchronous Clear Signals                                     ; Off                ; Off                ;
; Auto RAM to Logic Cell Conversion                                          ; Off                ; Off                ;
; Auto Resource Sharing                                                      ; Off                ; Off                ;
; Allow Any RAM Size For Recognition                                         ; Off                ; Off                ;
; Allow Any ROM Size For Recognition                                         ; Off                ; Off                ;
; Allow Any Shift Register Size For Recognition                              ; Off                ; Off                ;
; Use LogicLock Constraints during Resource Balancing                        ; On                 ; On                 ;
; Ignore translate_off and synthesis_off directives                          ; Off                ; Off                ;
; Timing-Driven Synthesis                                                    ; Off                ; Off                ;
; Report Parameter Settings                                                  ; On                 ; On                 ;
; Report Source Assignments                                                  ; On                 ; On                 ;
; Report Connectivity Checks                                                 ; On                 ; On                 ;
; Ignore Maximum Fan-Out Assignments                                         ; Off                ; Off                ;
; Synchronization Register Chain Length                                      ; 2                  ; 2                  ;
; PowerPlay Power Optimization                                               ; Normal compilation ; Normal compilation ;
; HDL message level                                                          ; Level2             ; Level2             ;
; Suppress Register Optimization Related Messages                            ; Off                ; Off                ;
; Number of Removed Registers Reported in Synthesis Report                   ; 5000               ; 5000               ;
; Number of Swept Nodes Reported in Synthesis Report                         ; 5000               ; 5000               ;
; Number of Inverted Registers Reported in Synthesis Report                  ; 100                ; 100                ;
; Clock MUX Protection                                                       ; On                 ; On                 ;
; Auto Gated Clock Conversion                                                ; Off                ; Off                ;
; Block Design Naming                                                        ; Auto               ; Auto               ;
; SDC constraint protection                                                  ; Off                ; Off                ;
; Synthesis Effort                                                           ; Auto               ; Auto               ;
; Shift Register Replacement - Allow Asynchronous Clear Signal               ; On                 ; On                 ;
; Pre-Mapping Resynthesis Optimization                                       ; Off                ; Off                ;
; Analysis & Synthesis Message Level                                         ; Medium             ; Medium             ;
; Disable Register Merging Across Hierarchies                                ; Auto               ; Auto               ;
; Resource Aware Inference For Block RAM                                     ; On                 ; On                 ;
; Synthesis Seed                                                             ; 1                  ; 1                  ;
+----------------------------------------------------------------------------+--------------------+--------------------+


+------------------------------------------+
; Parallel Compilation                     ;
+----------------------------+-------------+
; Processors                 ; Number      ;
+----------------------------+-------------+
; Number detected on machine ; 4           ;
; Maximum allowed            ; 2           ;
;                            ;             ;
; Average used               ; 1.00        ;
; Maximum used               ; 1           ;
;                            ;             ;
; Usage by Processor         ; % Time Used ;
;     Processor 1            ; 100.0%      ;
;     Processors 2-4         ;   0.0%      ;
+----------------------------+-------------+


+--------------------------------------------------------------------------------------------------------------------------------------+
; Analysis & Synthesis Source Files Read                                                                                               ;
+----------------------------------+-----------------+-----------------+-----------------------------------------------------+---------+
; File Name with User-Entered Path ; Used in Netlist ; File Type       ; File Name with Absolute Path                        ; Library ;
+----------------------------------+-----------------+-----------------+-----------------------------------------------------+---------+
; BumperCar.vhd                    ; yes             ; User VHDL File  ; C:/Users/cslab9-422/Desktop/BumperCar/BumperCar.vhd ;         ;
; vga_ctrl.vhd                     ; yes             ; User VHDL File  ; C:/Users/cslab9-422/Desktop/BumperCar/vga_ctrl.vhd  ;         ;
; sram_ctrl.vhd                    ; yes             ; User VHDL File  ; C:/Users/cslab9-422/Desktop/BumperCar/sram_ctrl.vhd ;         ;
; paint.vhd                        ; yes             ; User VHDL File  ; C:/Users/cslab9-422/Desktop/BumperCar/paint.vhd     ;         ;
+----------------------------------+-----------------+-----------------+-----------------------------------------------------+---------+


+------------------------------------------------------------------------------------+
; Analysis & Synthesis Resource Usage Summary                                        ;
+---------------------------------------------+--------------------------------------+
; Resource                                    ; Usage                                ;
+---------------------------------------------+--------------------------------------+
; Estimated Total logic elements              ; 810                                  ;
;                                             ;                                      ;
; Total combinational functions               ; 659                                  ;
; Logic element usage by number of LUT inputs ;                                      ;
;     -- 4 input functions                    ; 191                                  ;
;     -- 3 input functions                    ; 113                                  ;
;     -- <=2 input functions                  ; 355                                  ;
;                                             ;                                      ;
; Logic elements by mode                      ;                                      ;
;     -- normal mode                          ; 336                                  ;
;     -- arithmetic mode                      ; 323                                  ;
;                                             ;                                      ;
; Total registers                             ; 289                                  ;
;     -- Dedicated logic registers            ; 289                                  ;
;     -- I/O registers                        ; 0                                    ;
;                                             ;                                      ;
; I/O pins                                    ; 67                                   ;
; Embedded Multiplier 9-bit elements          ; 0                                    ;
; Maximum fan-out node                        ; vga_ctrl:vga_ctrl_realization|clk25m ;
; Maximum fan-out                             ; 169                                  ;
; Total fan-out                               ; 2785                                 ;
; Average fan-out                             ; 2.74                                 ;
+---------------------------------------------+--------------------------------------+


+--------------------------------------------------------------------------------------------------------------------------------------------------------------------------------------------------------------------------------------------------------------------------+
; Analysis & Synthesis Resource Utilization by Entity                                                                                                                                                                                                                      ;
+--------------------------------------------+-------------------+--------------+-------------+--------------+---------+-----------+------+--------------+--------------------------------------------------------------------------------------------------+--------------+
; Compilation Hierarchy Node                 ; LC Combinationals ; LC Registers ; Memory Bits ; DSP Elements ; DSP 9x9 ; DSP 18x18 ; Pins ; Virtual Pins ; Full Hierarchy Name                                                                              ; Library Name ;
+--------------------------------------------+-------------------+--------------+-------------+--------------+---------+-----------+------+--------------+--------------------------------------------------------------------------------------------------+--------------+
; |BumperCar                                 ; 659 (0)           ; 289 (0)      ; 0           ; 0            ; 0       ; 0         ; 67   ; 0            ; |BumperCar                                                                                       ; work         ;
;    |vga_ctrl:vga_ctrl_realization|         ; 659 (51)          ; 289 (27)     ; 0           ; 0            ; 0       ; 0         ; 0    ; 0            ; |BumperCar|vga_ctrl:vga_ctrl_realization                                                         ; work         ;
;       |paint:paint_realization|            ; 608 (605)         ; 262 (142)    ; 0           ; 0            ; 0       ; 0         ; 0    ; 0            ; |BumperCar|vga_ctrl:vga_ctrl_realization|paint:paint_realization                                 ; work         ;
;          |sram_ctrl:sram_ctrl_realization| ; 3 (3)             ; 120 (120)    ; 0           ; 0            ; 0       ; 0         ; 0    ; 0            ; |BumperCar|vga_ctrl:vga_ctrl_realization|paint:paint_realization|sram_ctrl:sram_ctrl_realization ; work         ;
+--------------------------------------------+-------------------+--------------+-------------+--------------+---------+-----------+------+--------------+--------------------------------------------------------------------------------------------------+--------------+
Note: For table entries with two numbers listed, the numbers in parentheses indicate the number of resources of the given type used by the specific entity alone. The numbers listed outside of parentheses indicate the total resources of the given type used by the specific entity and all of its sub-entities in the hierarchy.


Encoding Type:  One-Hot
+----------------------------------------------------------------------------------------+
; State Machine - |BumperCar|vga_ctrl:vga_ctrl_realization|paint:paint_realization|state ;
+--------------+----------+--------------+----------+--------------+---------------------+
; Name         ; state.p2 ; state.p2_del ; state.p1 ; state.p1_del ; state.nul           ;
+--------------+----------+--------------+----------+--------------+---------------------+
; state.nul    ; 0        ; 0            ; 0        ; 0            ; 0                   ;
; state.p1_del ; 0        ; 0            ; 0        ; 1            ; 1                   ;
; state.p1     ; 0        ; 0            ; 1        ; 0            ; 1                   ;
; state.p2_del ; 0        ; 1            ; 0        ; 0            ; 1                   ;
; state.p2     ; 1        ; 0            ; 0        ; 0            ; 1                   ;
+--------------+----------+--------------+----------+--------------+---------------------+


+------------------------------------------------------+
; General Register Statistics                          ;
+----------------------------------------------+-------+
; Statistic                                    ; Value ;
+----------------------------------------------+-------+
; Total registers                              ; 289   ;
; Number of registers using Synchronous Clear  ; 22    ;
; Number of registers using Synchronous Load   ; 20    ;
; Number of registers using Asynchronous Clear ; 0     ;
; Number of registers using Asynchronous Load  ; 0     ;
; Number of registers using Clock Enable       ; 256   ;
; Number of registers using Preset             ; 0     ;
+----------------------------------------------+-------+


+------------------------------------------------------------------------------------------------------------------------------------------------------------------------------------------------------+
; Multiplexer Restructuring Statistics (Restructuring Performed)                                                                                                                                       ;
+--------------------+-----------+---------------+----------------------+------------------------+------------+----------------------------------------------------------------------------------------+
; Multiplexer Inputs ; Bus Width ; Baseline Area ; Area if Restructured ; Saving if Restructured ; Registered ; Example Multiplexer Output                                                             ;
+--------------------+-----------+---------------+----------------------+------------------------+------------+----------------------------------------------------------------------------------------+
; 7:1                ; 2 bits    ; 8 LEs         ; 4 LEs                ; 4 LEs                  ; Yes        ; |BumperCar|vga_ctrl:vga_ctrl_realization|paint:paint_realization|recover_state[1]      ;
; 6:1                ; 31 bits   ; 124 LEs       ; 0 LEs                ; 124 LEs                ; Yes        ; |BumperCar|vga_ctrl:vga_ctrl_realization|paint:paint_realization|write_data[31]        ;
; 9:1                ; 20 bits   ; 120 LEs       ; 20 LEs               ; 100 LEs                ; Yes        ; |BumperCar|vga_ctrl:vga_ctrl_realization|paint:paint_realization|p_addr_count_self[12] ;
; 11:1               ; 2 bits    ; 14 LEs        ; 4 LEs                ; 10 LEs                 ; Yes        ; |BumperCar|vga_ctrl:vga_ctrl_realization|paint:paint_realization|write_state[0]        ;
; 10:1               ; 20 bits   ; 120 LEs       ; 20 LEs               ; 100 LEs                ; Yes        ; |BumperCar|vga_ctrl:vga_ctrl_realization|paint:paint_realization|p_addr_count[15]      ;
; 10:1               ; 10 bits   ; 60 LEs        ; 10 LEs               ; 50 LEs                 ; Yes        ; |BumperCar|vga_ctrl:vga_ctrl_realization|paint:paint_realization|scan_x[3]             ;
; 18:1               ; 13 bits   ; 156 LEs       ; 104 LEs              ; 52 LEs                 ; Yes        ; |BumperCar|vga_ctrl:vga_ctrl_realization|paint:paint_realization|addr[15]              ;
; 16:1               ; 7 bits    ; 70 LEs        ; 35 LEs               ; 35 LEs                 ; Yes        ; |BumperCar|vga_ctrl:vga_ctrl_realization|paint:paint_realization|addr[4]               ;
; 11:1               ; 5 bits    ; 35 LEs        ; 30 LEs               ; 5 LEs                  ; No         ; |BumperCar|vga_ctrl:vga_ctrl_realization|paint:paint_realization|state                 ;
+--------------------+-----------+---------------+----------------------+------------------------+------------+----------------------------------------------------------------------------------------+


+-----------------------------------------------------------+
; Port Connectivity Checks: "vga_ctrl:vga_ctrl_realization" ;
+--------------+-------+----------+-------------------------+
; Port         ; Type  ; Severity ; Details                 ;
+--------------+-------+----------+-------------------------+
; p1_x_0       ; Input ; Info     ; Stuck at GND            ;
; p2_x_0[9..8] ; Input ; Info     ; Stuck at GND            ;
; p2_x_0[6..0] ; Input ; Info     ; Stuck at GND            ;
; p2_x_0[7]    ; Input ; Info     ; Stuck at VCC            ;
; p1_x_1       ; Input ; Info     ; Stuck at GND            ;
; p2_x_1[9..8] ; Input ; Info     ; Stuck at GND            ;
; p2_x_1[6..0] ; Input ; Info     ; Stuck at GND            ;
; p2_x_1[7]    ; Input ; Info     ; Stuck at VCC            ;
; p1_y_0       ; Input ; Info     ; Stuck at GND            ;
; p2_y_0[9..8] ; Input ; Info     ; Stuck at GND            ;
; p2_y_0[6..0] ; Input ; Info     ; Stuck at GND            ;
; p2_y_0[7]    ; Input ; Info     ; Stuck at VCC            ;
; p1_y_1       ; Input ; Info     ; Stuck at GND            ;
; p2_y_1[9..8] ; Input ; Info     ; Stuck at GND            ;
; p2_y_1[6..0] ; Input ; Info     ; Stuck at GND            ;
; p2_y_1[7]    ; Input ; Info     ; Stuck at VCC            ;
+--------------+-------+----------+-------------------------+


+-------------------------------+
; Elapsed Time Per Partition    ;
+----------------+--------------+
; Partition Name ; Elapsed Time ;
+----------------+--------------+
; Top            ; 00:00:01     ;
+----------------+--------------+


+-------------------------------+
; Analysis & Synthesis Messages ;
+-------------------------------+
Info: *******************************************************************
Info: Running Quartus II 64-Bit Analysis & Synthesis
    Info: Version 13.0.1 Build 232 06/12/2013 Service Pack 1 SJ Web Edition
    Info: Processing started: Tue Jun 05 17:14:18 2018
Info: Command: quartus_map --read_settings_files=on --write_settings_files=off BumperCar -c BumperCar
Critical Warning (138067): Current license file does not support incremental compilation. The Quartus II software removes all the user-specified design partitions in the design automatically.
Info (11104): Parallel Compilation has detected 4 hyper-threaded processors. However, the extra hyper-threaded processors will not be used by default. Parallel Compilation will use 2 of the 2 physical processors detected instead.
Info (12021): Found 2 design units, including 1 entities, in source file bumpercar.vhd
    Info (12022): Found design unit 1: BumperCar-implementation
    Info (12023): Found entity 1: BumperCar
Info (12021): Found 2 design units, including 1 entities, in source file vga_ctrl.vhd
    Info (12022): Found design unit 1: vga_ctrl-implementation
    Info (12023): Found entity 1: vga_ctrl
Info (12021): Found 2 design units, including 1 entities, in source file initial.vhd
    Info (12022): Found design unit 1: initial-bhv
    Info (12023): Found entity 1: initial
Info (12021): Found 2 design units, including 1 entities, in source file clk60.vhd
    Info (12022): Found design unit 1: clk60-bhv
    Info (12023): Found entity 1: clk60
Info (12021): Found 2 design units, including 1 entities, in source file modify.vhd
    Info (12022): Found design unit 1: modify-bhv
    Info (12023): Found entity 1: modify
Info (12021): Found 2 design units, including 1 entities, in source file ps2_keyboard.vhd
    Info (12022): Found design unit 1: ps2_keyboard-implementation
    Info (12023): Found entity 1: ps2_keyboard
Info (12021): Found 2 design units, including 1 entities, in source file keyboard_ctrl.vhd
    Info (12022): Found design unit 1: keyboard_ctrl-implementation
    Info (12023): Found entity 1: keyboard_ctrl
Warning (12019): Can't analyze file -- file wait.vhd is missing
Info (12021): Found 2 design units, including 1 entities, in source file sram_ctrl.vhd
    Info (12022): Found design unit 1: sram_ctrl-implementation
    Info (12023): Found entity 1: sram_ctrl
Info (12021): Found 0 design units, including 0 entities, in source file output_files/paint.vhd
Info (12021): Found 2 design units, including 1 entities, in source file paint.vhd
    Info (12022): Found design unit 1: paint-implementation
    Info (12023): Found entity 1: paint
Info (12127): Elaborating entity "BumperCar" for the top level hierarchy
Warning (10540): VHDL Signal Declaration warning at BumperCar.vhd(37): used explicit default value for signal "p1_x_0" because signal was never assigned a value
Warning (10540): VHDL Signal Declaration warning at BumperCar.vhd(38): used explicit default value for signal "p1_x_1" because signal was never assigned a value
Warning (10540): VHDL Signal Declaration warning at BumperCar.vhd(39): used explicit default value for signal "p1_y_0" because signal was never assigned a value
Warning (10540): VHDL Signal Declaration warning at BumperCar.vhd(40): used explicit default value for signal "p1_y_1" because signal was never assigned a value
Warning (10540): VHDL Signal Declaration warning at BumperCar.vhd(42): used explicit default value for signal "p2_x_0" because signal was never assigned a value
Warning (10540): VHDL Signal Declaration warning at BumperCar.vhd(43): used explicit default value for signal "p2_x_1" because signal was never assigned a value
Warning (10540): VHDL Signal Declaration warning at BumperCar.vhd(44): used explicit default value for signal "p2_y_0" because signal was never assigned a value
Warning (10540): VHDL Signal Declaration warning at BumperCar.vhd(45): used explicit default value for signal "p2_y_1" because signal was never assigned a value
Info (12128): Elaborating entity "vga_ctrl" for hierarchy "vga_ctrl:vga_ctrl_realization"
Warning (10036): Verilog HDL or VHDL warning at vga_ctrl.vhd(60): object "hst_inc" assigned a value but never read
Warning (10036): Verilog HDL or VHDL warning at vga_ctrl.vhd(60): object "vst_inc" assigned a value but never read
Warning (10492): VHDL Process Statement warning at vga_ctrl.vhd(214): signal "rt" is read inside the Process Statement but isn't in the Process Statement's sensitivity list
Warning (10492): VHDL Process Statement warning at vga_ctrl.vhd(215): signal "gt" is read inside the Process Statement but isn't in the Process Statement's sensitivity list
Warning (10492): VHDL Process Statement warning at vga_ctrl.vhd(216): signal "bt" is read inside the Process Statement but isn't in the Process Statement's sensitivity list
Info (12128): Elaborating entity "paint" for hierarchy "vga_ctrl:vga_ctrl_realization|paint:paint_realization"
Warning (10492): VHDL Process Statement warning at paint.vhd(127): signal "p1_x_0" is read inside the Process Statement but isn't in the Process Statement's sensitivity list
Warning (10492): VHDL Process Statement warning at paint.vhd(128): signal "p1_y_0" is read inside the Process Statement but isn't in the Process Statement's sensitivity list
Warning (10492): VHDL Process Statement warning at paint.vhd(129): signal "p1_x_1" is read inside the Process Statement but isn't in the Process Statement's sensitivity list
Warning (10492): VHDL Process Statement warning at paint.vhd(130): signal "p1_y_1" is read inside the Process Statement but isn't in the Process Statement's sensitivity list
Warning (10492): VHDL Process Statement warning at paint.vhd(131): signal "p2_x_0" is read inside the Process Statement but isn't in the Process Statement's sensitivity list
Warning (10492): VHDL Process Statement warning at paint.vhd(132): signal "p2_y_0" is read inside the Process Statement but isn't in the Process Statement's sensitivity list
Warning (10492): VHDL Process Statement warning at paint.vhd(133): signal "p2_x_1" is read inside the Process Statement but isn't in the Process Statement's sensitivity list
Warning (10492): VHDL Process Statement warning at paint.vhd(134): signal "p2_y_1" is read inside the Process Statement but isn't in the Process Statement's sensitivity list
Warning (10492): VHDL Process Statement warning at paint.vhd(138): signal "p1_x_1" is read inside the Process Statement but isn't in the Process Statement's sensitivity list
Warning (10492): VHDL Process Statement warning at paint.vhd(139): signal "p1_y_1" is read inside the Process Statement but isn't in the Process Statement's sensitivity list
Warning (10492): VHDL Process Statement warning at paint.vhd(140): signal "p1_x_0" is read inside the Process Statement but isn't in the Process Statement's sensitivity list
Warning (10492): VHDL Process Statement warning at paint.vhd(141): signal "p1_y_0" is read inside the Process Statement but isn't in the Process Statement's sensitivity list
Warning (10492): VHDL Process Statement warning at paint.vhd(142): signal "p2_x_1" is read inside the Process Statement but isn't in the Process Statement's sensitivity list
Warning (10492): VHDL Process Statement warning at paint.vhd(143): signal "p2_y_1" is read inside the Process Statement but isn't in the Process Statement's sensitivity list
Warning (10492): VHDL Process Statement warning at paint.vhd(144): signal "p2_x_0" is read inside the Process Statement but isn't in the Process Statement's sensitivity list
Warning (10492): VHDL Process Statement warning at paint.vhd(145): signal "p2_y_0" is read inside the Process Statement but isn't in the Process Statement's sensitivity list
Warning (10037): Verilog HDL or VHDL warning at paint.vhd(185): conditional expression evaluates to a constant
Warning (10037): Verilog HDL or VHDL warning at paint.vhd(200): conditional expression evaluates to a constant
Warning (10037): Verilog HDL or VHDL warning at paint.vhd(215): conditional expression evaluates to a constant
Warning (10037): Verilog HDL or VHDL warning at paint.vhd(231): conditional expression evaluates to a constant
Info (12128): Elaborating entity "sram_ctrl" for hierarchy "vga_ctrl:vga_ctrl_realization|paint:paint_realization|sram_ctrl:sram_ctrl_realization"
Critical Warning (138067): Current license file does not support incremental compilation. The Quartus II software removes all the user-specified design partitions in the design automatically.
Info (16010): Generating hard_block partition "hard_block:auto_generated_inst"
    Info (16011): Adding 0 node(s), including 0 DDIO, 0 PLL, 0 transceiver and 0 LCELL
Info (21057): Implemented 894 device resources after synthesis - the final resource count might be different
    Info (21058): Implemented 1 input pins
    Info (21059): Implemented 34 output pins
    Info (21060): Implemented 32 bidirectional pins
    Info (21061): Implemented 827 logic cells
Info: Quartus II 64-Bit Analysis & Synthesis was successful. 0 errors, 36 warnings
    Info: Peak virtual memory: 504 megabytes
    Info: Processing ended: Tue Jun 05 17:14:22 2018
    Info: Elapsed time: 00:00:04
    Info: Total CPU time (on all processors): 00:00:04


