Partition Merge report for BumperCar
Mon Jun 04 11:20:54 2018
Quartus II 64-Bit Version 13.0.1 Build 232 06/12/2013 Service Pack 1 SJ Web Edition


---------------------
; Table of Contents ;
---------------------
  1. Legal Notice
  2. Partition Merge Summary
  3. Partition Merge Netlist Types Used
  4. Partition Merge Partition Statistics
  5. Partition Merge Resource Usage Summary
  6. Partition Merge Messages



----------------
; Legal Notice ;
----------------
Copyright (C) 1991-2013 Altera Corporation
Your use of Altera Corporation's design tools, logic functions 
and other software and tools, and its AMPP partner logic 
functions, and any output files from any of the foregoing 
(including device programming or simulation files), and any 
associated documentation or information are expressly subject 
to the terms and conditions of the Altera Program License 
Subscription Agreement, Altera MegaCore Function License 
Agreement, or other applicable license agreement, including, 
without limitation, that your use is for the sole purpose of 
programming logic devices manufactured by Altera and sold by 
Altera or its authorized distributors.  Please refer to the 
applicable agreement for further details.



+--------------------------------------------------------------------------------------+
; Partition Merge Summary                                                              ;
+------------------------------------+-------------------------------------------------+
; Partition Merge Status             ; Successful - Mon Jun 04 11:20:54 2018           ;
; Quartus II 64-Bit Version          ; 13.0.1 Build 232 06/12/2013 SP 1 SJ Web Edition ;
; Revision Name                      ; BumperCar                                       ;
; Top-level Entity Name              ; BumperCar                                       ;
; Family                             ; Cyclone II                                      ;
; Total logic elements               ; 461                                             ;
;     Total combinational functions  ; 362                                             ;
;     Dedicated logic registers      ; 292                                             ;
; Total registers                    ; 292                                             ;
; Total pins                         ; 67                                              ;
; Total virtual pins                 ; 0                                               ;
; Total memory bits                  ; 0                                               ;
; Embedded Multiplier 9-bit elements ; 0                                               ;
; Total PLLs                         ; 0                                               ;
+------------------------------------+-------------------------------------------------+


+-------------------------------------------------------------------------------------------------------------------------------+
; Partition Merge Netlist Types Used                                                                                            ;
+--------------------------------+----------------+-------------------+------------------------+--------------------------------+
; Partition Name                 ; Partition Type ; Netlist Type Used ; Netlist Type Requested ; Partition Contents             ;
+--------------------------------+----------------+-------------------+------------------------+--------------------------------+
; Top                            ; User-created   ; Source File       ; Source File            ;                                ;
; hard_block:auto_generated_inst ; Auto-generated ; Source File       ; Source File            ; hard_block:auto_generated_inst ;
+--------------------------------+----------------+-------------------+------------------------+--------------------------------+


+-------------------------------------------------------------------------------------+
; Partition Merge Partition Statistics                                                ;
+---------------------------------------------+------+--------------------------------+
; Statistic                                   ; Top  ; hard_block:auto_generated_inst ;
+---------------------------------------------+------+--------------------------------+
; Estimated Total logic elements              ; 461  ; 0                              ;
;                                             ;      ;                                ;
; Total combinational functions               ; 362  ; 0                              ;
; Logic element usage by number of LUT inputs ;      ;                                ;
;     -- 4 input functions                    ; 70   ; 0                              ;
;     -- 3 input functions                    ; 64   ; 0                              ;
;     -- <=2 input functions                  ; 228  ; 0                              ;
;                                             ;      ;                                ;
; Logic elements by mode                      ;      ;                                ;
;     -- normal mode                          ; 197  ; 0                              ;
;     -- arithmetic mode                      ; 165  ; 0                              ;
;                                             ;      ;                                ;
; Total registers                             ; 292  ; 0                              ;
;     -- Dedicated logic registers            ; 292  ; 0                              ;
;                                             ;      ;                                ;
; Virtual pins                                ; 0    ; 0                              ;
; I/O pins                                    ; 67   ; 0                              ;
; Embedded Multiplier 9-bit elements          ; 0    ; 0                              ;
; Total memory bits                           ; 0    ; 0                              ;
; Total RAM block bits                        ; 0    ; 0                              ;
;                                             ;      ;                                ;
; Connections                                 ;      ;                                ;
;     -- Input Connections                    ; 0    ; 0                              ;
;     -- Registered Input Connections         ; 0    ; 0                              ;
;     -- Output Connections                   ; 0    ; 0                              ;
;     -- Registered Output Connections        ; 0    ; 0                              ;
;                                             ;      ;                                ;
; Internal Connections                        ;      ;                                ;
;     -- Total Connections                    ; 1919 ; 0                              ;
;     -- Registered Connections               ; 884  ; 0                              ;
;                                             ;      ;                                ;
; External Connections                        ;      ;                                ;
;     -- Top                                  ; 0    ; 0                              ;
;     -- hard_block:auto_generated_inst       ; 0    ; 0                              ;
;                                             ;      ;                                ;
; Partition Interface                         ;      ;                                ;
;     -- Input Ports                          ; 1    ; 0                              ;
;     -- Output Ports                         ; 34   ; 0                              ;
;     -- Bidir Ports                          ; 32   ; 0                              ;
;                                             ;      ;                                ;
; Registered Ports                            ;      ;                                ;
;     -- Registered Input Ports               ; 0    ; 0                              ;
;     -- Registered Output Ports              ; 0    ; 0                              ;
;                                             ;      ;                                ;
; Port Connectivity                           ;      ;                                ;
;     -- Input Ports driven by GND            ; 0    ; 0                              ;
;     -- Output Ports driven by GND           ; 0    ; 0                              ;
;     -- Input Ports driven by VCC            ; 0    ; 0                              ;
;     -- Output Ports driven by VCC           ; 0    ; 0                              ;
;     -- Input Ports with no Source           ; 0    ; 0                              ;
;     -- Output Ports with no Source          ; 0    ; 0                              ;
;     -- Input Ports with no Fanout           ; 0    ; 0                              ;
;     -- Output Ports with no Fanout          ; 0    ; 0                              ;
+---------------------------------------------+------+--------------------------------+
Note: Resource usage numbers presented for Partitions containing post-synthesis logic are estimates.  For Partitions containing post-fit logic, resource usage numbers are accurate based on previous placement information.  Actual Fitter results may vary depending on current Fitter Preservation Level assignments.


+------------------------------------------------------------------------------------+
; Partition Merge Resource Usage Summary                                             ;
+---------------------------------------------+--------------------------------------+
; Resource                                    ; Usage                                ;
+---------------------------------------------+--------------------------------------+
; Estimated Total logic elements              ; 461                                  ;
;                                             ;                                      ;
; Total combinational functions               ; 362                                  ;
; Logic element usage by number of LUT inputs ;                                      ;
;     -- 4 input functions                    ; 70                                   ;
;     -- 3 input functions                    ; 64                                   ;
;     -- <=2 input functions                  ; 228                                  ;
;                                             ;                                      ;
; Logic elements by mode                      ;                                      ;
;     -- normal mode                          ; 197                                  ;
;     -- arithmetic mode                      ; 165                                  ;
;                                             ;                                      ;
; Total registers                             ; 292                                  ;
;     -- Dedicated logic registers            ; 292                                  ;
;     -- I/O registers                        ; 0                                    ;
;                                             ;                                      ;
; I/O pins                                    ; 67                                   ;
; Embedded Multiplier 9-bit elements          ; 0                                    ;
; Maximum fan-out node                        ; vga_ctrl:vga_ctrl_realization|clk25m ;
; Maximum fan-out                             ; 193                                  ;
; Total fan-out                               ; 1919                                 ;
; Average fan-out                             ; 2.66                                 ;
+---------------------------------------------+--------------------------------------+


+--------------------------+
; Partition Merge Messages ;
+--------------------------+
Info: *******************************************************************
Info: Running Quartus II 64-Bit Partition Merge
    Info: Version 13.0.1 Build 232 06/12/2013 Service Pack 1 SJ Web Edition
    Info: Processing started: Mon Jun 04 11:20:53 2018
Info: Command: quartus_cdb --read_settings_files=off --write_settings_files=off BumperCar -c BumperCar --merge=on
Critical Warning (138067): Current license file does not support incremental compilation. The Quartus II software removes all the user-specified design partitions in the design automatically.
Info (35007): Using synthesis netlist for partition "Top"
Info (35002): Resolved and merged 1 partition(s)
Info (16010): Generating hard_block partition "hard_block:auto_generated_inst"
    Info (16011): Adding 0 node(s), including 0 DDIO, 0 PLL, 0 transceiver and 0 LCELL
Info (21057): Implemented 546 device resources after synthesis - the final resource count might be different
    Info (21058): Implemented 1 input pins
    Info (21059): Implemented 34 output pins
    Info (21060): Implemented 32 bidirectional pins
    Info (21061): Implemented 479 logic cells
Info: Quartus II 64-Bit Partition Merge was successful. 0 errors, 1 warning
    Info: Peak virtual memory: 449 megabytes
    Info: Processing ended: Mon Jun 04 11:20:54 2018
    Info: Elapsed time: 00:00:01
    Info: Total CPU time (on all processors): 00:00:01


